<?xml version="1.0" encoding="UTF-8"?>
<testsuite name="com.example.knittdaserver.controller.ProjectControllerTest" tests="5" skipped="0" failures="0" errors="0" timestamp="2025-05-10T02:33:44.379Z" hostname="ijisus-Mac-mini.local" time="0.135">
  <properties/>
  <testcase name="updateProject()" classname="com.example.knittdaserver.controller.ProjectControllerTest" time="0.087"/>
  <testcase name="getMyProjects()" classname="com.example.knittdaserver.controller.ProjectControllerTest" time="0.017"/>
  <testcase name="deleteProject()" classname="com.example.knittdaserver.controller.ProjectControllerTest" time="0.007"/>
  <testcase name="getProject()" classname="com.example.knittdaserver.controller.ProjectControllerTest" time="0.009"/>
  <testcase name="createProject_Success()" classname="com.example.knittdaserver.controller.ProjectControllerTest" time="0.012"/>
  <system-out><![CDATA[2025-05-10T11:33:44.374+09:00  INFO 14337 --- [    Test worker] t.c.s.AnnotationConfigContextLoaderUtils : Could not detect default configuration classes for test class [com.example.knittdaserver.controller.ProjectControllerTest]: ProjectControllerTest does not declare any static, non-private, non-final, nested classes annotated with @Configuration.
2025-05-10T11:33:44.378+09:00  INFO 14337 --- [    Test worker] .b.t.c.SpringBootTestContextBootstrapper : Found @SpringBootConfiguration com.example.knittdaserver.KnittdaServerApplication for test class com.example.knittdaserver.controller.ProjectControllerTest
Hibernate: 
    insert 
    into
        user
        (created_at,email,kakao_id,nickname,profile_image_url,updated_at) 
    values
        (?,?,?,?,?,?)
Hibernate: 
    insert 
    into
        design
        (categories,designer,detail_url,gauge,image_url,needles,pages,price,sizes,title,tools,yarn_info) 
    values
        (?,?,?,?,?,?,?,?,?,?,?,?)
Hibernate: 
    insert 
    into
        project
        (created_at,custom_needle_info,custom_yarn_info,design_id,end_date,goal_date,last_record_at,nickname,start_date,status,user_id) 
    values
        (?,?,?,?,?,?,?,?,?,?,?)
Hibernate: 
    select
        p1_0.id,
        p1_0.created_at,
        p1_0.custom_needle_info,
        p1_0.custom_yarn_info,
        p1_0.design_id,
        p1_0.end_date,
        p1_0.goal_date,
        p1_0.last_record_at,
        p1_0.nickname,
        p1_0.start_date,
        p1_0.status,
        p1_0.user_id 
    from
        project p1_0 
    where
        p1_0.user_id=?
Hibernate: 
    update
        project 
    set
        created_at=?,
        custom_needle_info=?,
        custom_yarn_info=?,
        design_id=?,
        end_date=?,
        goal_date=?,
        last_record_at=?,
        nickname=?,
        start_date=?,
        status=?,
        user_id=? 
    where
        id=?
Hibernate: 
    select
        p1_0.id,
        p1_0.created_at,
        p1_0.custom_needle_info,
        p1_0.custom_yarn_info,
        p1_0.design_id,
        p1_0.end_date,
        p1_0.goal_date,
        p1_0.last_record_at,
        p1_0.nickname,
        p1_0.start_date,
        p1_0.status,
        p1_0.user_id 
    from
        project p1_0 
    where
        p1_0.user_id=?
projectDtos = [ProjectDto(id=86, designId=82, userId=88, nickname=test Project, status=IN_PROGRESS, customYarnInfo=custom YarnInfo, customNeedleInfo=custom NeedleInfo, lastRecordAt=null, createdAt=2025-05-10T11:33:44.413535, startDate=null, endDate=null, goalDate=null)]
updateProjectDtos = [ProjectDto(id=86, designId=82, userId=88, nickname=update test Project, status=DONE, customYarnInfo=update custom YarnInfo, customNeedleInfo=custom NeedleInfo, lastRecordAt=null, createdAt=2025-05-10T11:33:44.413535, startDate=null, endDate=null, goalDate=null)]
Hibernate: 
    insert 
    into
        user
        (created_at,email,kakao_id,nickname,profile_image_url,updated_at) 
    values
        (?,?,?,?,?,?)
Hibernate: 
    insert 
    into
        design
        (categories,designer,detail_url,gauge,image_url,needles,pages,price,sizes,title,tools,yarn_info) 
    values
        (?,?,?,?,?,?,?,?,?,?,?,?)
Hibernate: 
    select
        d1_0.id,
        d1_0.categories,
        d1_0.designer,
        d1_0.detail_url,
        d1_0.gauge,
        d1_0.image_url,
        d1_0.needles,
        d1_0.pages,
        d1_0.price,
        d1_0.sizes,
        d1_0.title,
        d1_0.tools,
        d1_0.yarn_info 
    from
        design d1_0 
    where
        d1_0.title=?
Hibernate: 
    select
        u1_0.id,
        u1_0.created_at,
        u1_0.email,
        u1_0.kakao_id,
        u1_0.nickname,
        u1_0.profile_image_url,
        u1_0.updated_at 
    from
        user u1_0 
    where
        u1_0.kakao_id=?
Hibernate: 
    insert 
    into
        project
        (created_at,custom_needle_info,custom_yarn_info,design_id,end_date,goal_date,last_record_at,nickname,start_date,status,user_id) 
    values
        (?,?,?,?,?,?,?,?,?,?,?)
Hibernate: 
    select
        p1_0.id,
        p1_0.created_at,
        p1_0.custom_needle_info,
        p1_0.custom_yarn_info,
        p1_0.design_id,
        p1_0.end_date,
        p1_0.goal_date,
        p1_0.last_record_at,
        p1_0.nickname,
        p1_0.start_date,
        p1_0.status,
        p1_0.user_id 
    from
        project p1_0 
    where
        p1_0.user_id=?
projectDtos = [ProjectDto(id=87, designId=83, userId=89, nickname=test Project, status=IN_PROGRESS, customYarnInfo=null, customNeedleInfo=null, lastRecordAt=null, createdAt=2025-05-10T11:33:44.479246, startDate=null, endDate=null, goalDate=null)]
projectDtos = ProjectDto(id=87, designId=83, userId=89, nickname=test Project, status=IN_PROGRESS, customYarnInfo=null, customNeedleInfo=null, lastRecordAt=null, createdAt=2025-05-10T11:33:44.479246, startDate=null, endDate=null, goalDate=null)
Hibernate: 
    insert 
    into
        user
        (created_at,email,kakao_id,nickname,profile_image_url,updated_at) 
    values
        (?,?,?,?,?,?)
Hibernate: 
    insert 
    into
        design
        (categories,designer,detail_url,gauge,image_url,needles,pages,price,sizes,title,tools,yarn_info) 
    values
        (?,?,?,?,?,?,?,?,?,?,?,?)
Hibernate: 
    insert 
    into
        project
        (created_at,custom_needle_info,custom_yarn_info,design_id,end_date,goal_date,last_record_at,nickname,start_date,status,user_id) 
    values
        (?,?,?,?,?,?,?,?,?,?,?)
Hibernate: 
    insert 
    into
        user
        (created_at,email,kakao_id,nickname,profile_image_url,updated_at) 
    values
        (?,?,?,?,?,?)
Hibernate: 
    insert 
    into
        design
        (categories,designer,detail_url,gauge,image_url,needles,pages,price,sizes,title,tools,yarn_info) 
    values
        (?,?,?,?,?,?,?,?,?,?,?,?)
Hibernate: 
    select
        d1_0.id,
        d1_0.categories,
        d1_0.designer,
        d1_0.detail_url,
        d1_0.gauge,
        d1_0.image_url,
        d1_0.needles,
        d1_0.pages,
        d1_0.price,
        d1_0.sizes,
        d1_0.title,
        d1_0.tools,
        d1_0.yarn_info 
    from
        design d1_0 
    where
        d1_0.title=?
Hibernate: 
    select
        u1_0.id,
        u1_0.created_at,
        u1_0.email,
        u1_0.kakao_id,
        u1_0.nickname,
        u1_0.profile_image_url,
        u1_0.updated_at 
    from
        user u1_0 
    where
        u1_0.kakao_id=?
Hibernate: 
    insert 
    into
        project
        (created_at,custom_needle_info,custom_yarn_info,design_id,end_date,goal_date,last_record_at,nickname,start_date,status,user_id) 
    values
        (?,?,?,?,?,?,?,?,?,?,?)
Hibernate: 
    insert 
    into
        project
        (created_at,custom_needle_info,custom_yarn_info,design_id,end_date,goal_date,last_record_at,nickname,start_date,status,user_id) 
    values
        (?,?,?,?,?,?,?,?,?,?,?)
response1 = ProjectDto(id=89, designId=85, userId=91, nickname=test Project1, status=IN_PROGRESS, customYarnInfo=null, customNeedleInfo=null, lastRecordAt=null, createdAt=2025-05-10T11:33:44.497694, startDate=null, endDate=null, goalDate=null)
response2 = ProjectDto(id=90, designId=85, userId=91, nickname=test Project2, status=IN_PROGRESS, customYarnInfo=null, customNeedleInfo=null, lastRecordAt=null, createdAt=2025-05-10T11:33:44.498527, startDate=null, endDate=null, goalDate=null)
Hibernate: 
    insert 
    into
        user
        (created_at,email,kakao_id,nickname,profile_image_url,updated_at) 
    values
        (?,?,?,?,?,?)
Hibernate: 
    insert 
    into
        design
        (categories,designer,detail_url,gauge,image_url,needles,pages,price,sizes,title,tools,yarn_info) 
    values
        (?,?,?,?,?,?,?,?,?,?,?,?)
Hibernate: 
    select
        d1_0.id,
        d1_0.categories,
        d1_0.designer,
        d1_0.detail_url,
        d1_0.gauge,
        d1_0.image_url,
        d1_0.needles,
        d1_0.pages,
        d1_0.price,
        d1_0.sizes,
        d1_0.title,
        d1_0.tools,
        d1_0.yarn_info 
    from
        design d1_0 
    where
        d1_0.title=?
Hibernate: 
    select
        u1_0.id,
        u1_0.created_at,
        u1_0.email,
        u1_0.kakao_id,
        u1_0.nickname,
        u1_0.profile_image_url,
        u1_0.updated_at 
    from
        user u1_0 
    where
        u1_0.kakao_id=?
Hibernate: 
    insert 
    into
        project
        (created_at,custom_needle_info,custom_yarn_info,design_id,end_date,goal_date,last_record_at,nickname,start_date,status,user_id) 
    values
        (?,?,?,?,?,?,?,?,?,?,?)
Hibernate: 
    select
        p1_0.id,
        p1_0.created_at,
        p1_0.custom_needle_info,
        p1_0.custom_yarn_info,
        p1_0.design_id,
        p1_0.end_date,
        p1_0.goal_date,
        p1_0.last_record_at,
        p1_0.nickname,
        p1_0.start_date,
        p1_0.status,
        p1_0.user_id 
    from
        project p1_0 
    where
        p1_0.user_id=?
projects = [Project(id=91, design=Design(id=86, title=test_design, designer=null, price=null, imageUrl=null, detailUrl=null, categories=null, tools=null, sizes=null, gauge=null, needles=null, yarnInfo=null, pages=null), user=User(id=92, kakaoId=1, email=test@example.com, nickname=testUser, profileImageUrl=null, createdAt=2025-05-10T11:33:44.503374, updatedAt=2025-05-10T11:33:44.503387), nickname=Test Project, status=IN_PROGRESS, customYarnInfo=null, customNeedleInfo=null, lastRecordAt=null, createdAt=2025-05-10T11:33:44.508416, startDate=null, endDate=null, goalDate=null)]
project = Project(id=91, design=Design(id=86, title=test_design, designer=null, price=null, imageUrl=null, detailUrl=null, categories=null, tools=null, sizes=null, gauge=null, needles=null, yarnInfo=null, pages=null), user=User(id=92, kakaoId=1, email=test@example.com, nickname=testUser, profileImageUrl=null, createdAt=2025-05-10T11:33:44.503374, updatedAt=2025-05-10T11:33:44.503387), nickname=Test Project, status=IN_PROGRESS, customYarnInfo=null, customNeedleInfo=null, lastRecordAt=null, createdAt=2025-05-10T11:33:44.508416, startDate=null, endDate=null, goalDate=null)
testUser = User(id=92, kakaoId=1, email=test@example.com, nickname=testUser, profileImageUrl=null, createdAt=2025-05-10T11:33:44.503374, updatedAt=2025-05-10T11:33:44.503387)
]]></system-out>
  <system-err><![CDATA[]]></system-err>
</testsuite>
